Using pre-set license

 COMMAND LINE ARGUMENTS:
/Applications/Unity/Hub/Editor/2020.3.9f1/Unity.app/Contents/MacOS/Unity
-adb2
-batchMode
-noUpm
-name
AssetImportWorker0
-projectPath
/Users/y76-work/Documents/Unity Projects/GDA_SpaceShooter
-logFile
Logs/AssetImportWorker0.log
-srvPort
55058
Successfully changed project path to: /Users/y76-work/Documents/Unity Projects/GDA_SpaceShooter
/Users/y76-work/Documents/Unity Projects/GDA_SpaceShooter
Using Asset Import Pipeline V2.
Refreshing native plugins compatible for Editor in 68.91 ms, found 2 plugins.
Preloading 0 native plugins for Editor in 0.00 ms.
Initialize engine version: 2020.3.9f1 (108be757e447)
[Subsystems] Discovering subsystems at path /Applications/Unity/Hub/Editor/2020.3.9f1/Unity.app/Contents/Resources/UnitySubsystems
[Subsystems] Discovering subsystems at path /Users/y76-work/Documents/Unity Projects/GDA_SpaceShooter/Assets
GfxDevice: creating device client; threaded=0
2021-06-07 21:06:27.414 Unity[15625:4603593] Color LCD preferred device: Intel(R) Iris(TM) Plus Graphics 640 (low power)
2021-06-07 21:06:27.414 Unity[15625:4603593] Metal devices available: 1
2021-06-07 21:06:27.414 Unity[15625:4603593] 0: Intel(R) Iris(TM) Plus Graphics 640 (low power)
2021-06-07 21:06:27.415 Unity[15625:4603593] Using device Intel(R) Iris(TM) Plus Graphics 640 (low power)
Initializing Metal device caps: Intel(R) Iris(TM) Plus Graphics 640
Initialize mono
Mono path[0] = '/Applications/Unity/Hub/Editor/2020.3.9f1/Unity.app/Contents/Managed'
Mono path[1] = '/Applications/Unity/Hub/Editor/2020.3.9f1/Unity.app/Contents/MonoBleedingEdge/lib/mono/unityjit'
Mono config path = '/Applications/Unity/Hub/Editor/2020.3.9f1/Unity.app/Contents/MonoBleedingEdge/etc'
Using monoOptions --debugger-agent=transport=dt_socket,embedding=1,server=y,suspend=n,address=127.0.0.1:56625
Begin MonoManager ReloadAssembly
Registering precompiled unity dll's ...
Register platform support module: /Applications/Unity/Hub/Editor/2020.3.9f1/Unity.app/Contents/PlaybackEngines/MacStandaloneSupport/UnityEditor.OSXStandalone.Extensions.dll
Registered in 0.002556 seconds.
Native extension for OSXStandalone target not found
Refreshing native plugins compatible for Editor in 49.98 ms, found 2 plugins.
Preloading 0 native plugins for Editor in 0.00 ms.
Mono: successfully reloaded assembly
- Completed reload, in  3.202 seconds
Platform modules already initialized, skipping
Registering precompiled user dll's ...
Registered in 0.001595 seconds.
Begin MonoManager ReloadAssembly
Native extension for OSXStandalone target not found
Refreshing native plugins compatible for Editor in 154.79 ms, found 2 plugins.
Preloading 0 native plugins for Editor in 0.00 ms.
Mono: successfully reloaded assembly
- Completed reload, in  2.561 seconds
Platform modules already initialized, skipping
========================================================================
Worker process is ready to serve import requests
Launching external process: /Applications/Unity/Hub/Editor/2020.3.9f1/Unity.app/Contents/Tools/UnityShaderCompiler
Launched and connected shader compiler UnityShaderCompiler after 0.02 seconds
Refreshing native plugins compatible for Editor in 0.63 ms, found 2 plugins.
Preloading 0 native plugins for Editor in 0.00 ms.
Unloading 1836 Unused Serialized files (Serialized files now loaded: 0)
System memory in use before: 222.6 MB.
System memory in use after: 222.6 MB.

Unloading 23 unused Assets to reduce memory usage. Loaded Objects now: 2286.
Total: 4.066160 ms (FindLiveObjects: 0.638512 ms CreateObjectMapping: 0.169333 ms MarkObjects: 3.063680 ms  DeleteObjects: 0.192569 ms)

========================================================================
Received Import Request.
  path: Assets/Scripts/PowerUpSpawner.cs
  artifactKey: Guid(0e744f635e59343a3866514ef8b2bfcd) Importer(815301076,1909f56bfc062723c751e8b465ee728b)
Start importing Assets/Scripts/PowerUpSpawner.cs using Guid(0e744f635e59343a3866514ef8b2bfcd) Importer(815301076,1909f56bfc062723c751e8b465ee728b)  -> (artifact id: '77e7b1d4efea5c7e4fa621c178154ef9') in 1.061511 seconds
  Import took 1.069222 seconds .

========================================================================
Received Prepare
Registering precompiled user dll's ...
Registered in 0.001337 seconds.
Begin MonoManager ReloadAssembly
Native extension for OSXStandalone target not found
Refreshing native plugins compatible for Editor in 0.44 ms, found 2 plugins.
Preloading 0 native plugins for Editor in 0.00 ms.
Mono: successfully reloaded assembly
- Completed reload, in  1.373 seconds
Platform modules already initialized, skipping
Refreshing native plugins compatible for Editor in 0.46 ms, found 2 plugins.
Preloading 0 native plugins for Editor in 0.00 ms.
Unloading 1818 Unused Serialized files (Serialized files now loaded: 0)
System memory in use before: 225.9 MB.
System memory in use after: 225.9 MB.

Unloading 12 unused Assets to reduce memory usage. Loaded Objects now: 2290.
Total: 2.319072 ms (FindLiveObjects: 0.368025 ms CreateObjectMapping: 0.107379 ms MarkObjects: 1.733000 ms  DeleteObjects: 0.109834 ms)

========================================================================
Received Import Request.
  Time since last request: 8.347025 seconds.
  path: Assets/Scenes/Menu.unity
  artifactKey: Guid(b4a21a37050764d10afbb9df5642a664) Importer(815301076,1909f56bfc062723c751e8b465ee728b)
Start importing Assets/Scenes/Menu.unity using Guid(b4a21a37050764d10afbb9df5642a664) Importer(815301076,1909f56bfc062723c751e8b465ee728b)  -> (artifact id: 'a168deb7c8063f608acb0037c3591d75') in 0.014250 seconds
  Import took 0.019286 seconds .

========================================================================
Received Import Request.
  Time since last request: 0.004067 seconds.
  path: Assets/Scenes/Menu.unity
  artifactKey: Guid(b4a21a37050764d10afbb9df5642a664) Importer(815301076,1909f56bfc062723c751e8b465ee728b)
Start importing Assets/Scenes/Menu.unity using Guid(b4a21a37050764d10afbb9df5642a664) Importer(815301076,1909f56bfc062723c751e8b465ee728b)  -> (artifact id: 'a168deb7c8063f608acb0037c3591d75') in 0.002275 seconds
  Import took 0.006294 seconds .

========================================================================
Received Prepare
Registering precompiled user dll's ...
Registered in 0.001437 seconds.
Begin MonoManager ReloadAssembly
Native extension for OSXStandalone target not found
Refreshing native plugins compatible for Editor in 0.43 ms, found 2 plugins.
Preloading 0 native plugins for Editor in 0.00 ms.
Mono: successfully reloaded assembly
- Completed reload, in  1.468 seconds
Platform modules already initialized, skipping
Refreshing native plugins compatible for Editor in 0.47 ms, found 2 plugins.
Preloading 0 native plugins for Editor in 0.00 ms.
Unloading 1818 Unused Serialized files (Serialized files now loaded: 0)
System memory in use before: 226.2 MB.
System memory in use after: 226.2 MB.

Unloading 12 unused Assets to reduce memory usage. Loaded Objects now: 2294.
Total: 2.272603 ms (FindLiveObjects: 0.296802 ms CreateObjectMapping: 0.074035 ms MarkObjects: 1.767796 ms  DeleteObjects: 0.132534 ms)

========================================================================
Received Prepare
Registering precompiled user dll's ...
Registered in 0.004780 seconds.
Begin MonoManager ReloadAssembly
Native extension for OSXStandalone target not found
Refreshing native plugins compatible for Editor in 4.01 ms, found 2 plugins.
Preloading 0 native plugins for Editor in 0.00 ms.
Mono: successfully reloaded assembly
- Completed reload, in  5.417 seconds
Platform modules already initialized, skipping
Refreshing native plugins compatible for Editor in 0.44 ms, found 2 plugins.
Preloading 0 native plugins for Editor in 0.00 ms.
Unloading 1818 Unused Serialized files (Serialized files now loaded: 0)
System memory in use before: 226.9 MB.
System memory in use after: 226.9 MB.

Unloading 12 unused Assets to reduce memory usage. Loaded Objects now: 2298.
Total: 11.906044 ms (FindLiveObjects: 1.502414 ms CreateObjectMapping: 0.359039 ms MarkObjects: 9.800884 ms  DeleteObjects: 0.237628 ms)

